============================================================
Time  2017/12/16 21:41:00 642 
============================================================
[2017/12/16 21:41:00 642] isr        1659 isr loaded!  
[2017/12/16 21:41:00 642] isr        1642 SYS_MSG_REGCB param0 =   msp_status_cb  param1 =   func(e002cca0) 
[2017/12/16 21:41:00 642] isr        1537 ASR_MSG_SSB  
[2017/12/16 21:41:00 642] isr        1066 session_begin() [in], params:   sub = iat, domain = iat, language = zh_cn, accent = mandarin, sample_rate = 16000, result_type = plain, result_encoding = utf8  nil  
[2017/12/16 21:41:00 642] isr        927  vad_set [in]  
[2017/12/16 21:41:00 642] isr        962  vad_enable :  true  
[2017/12/16 21:41:00 642] isr        980  vad_bos :  10000  
[2017/12/16 21:41:00 642] isr        981  vad_eos :  2000  
[2017/12/16 21:41:00 642] isr        886  enable_vad [in]  
[2017/12/16 21:41:00 642] isr        918  vad enabled!  2000  10000  
[2017/12/16 21:41:00 642] isr        921  enable_vad [out]  
[2017/12/16 21:41:00 642] isr        987  vad_set [out] | ret =  0  
[2017/12/16 21:41:00 642] isr        1187 cur_engine_type =   cloud  
[2017/12/16 21:41:00 643] isr        1001 cloud_session_begin  
[2017/12/16 21:41:00 643] isr        1013 standard  
[2017/12/16 21:41:00 644] isr        1547 ASR_MSG_AUW,   cloud  
[2017/12/16 21:41:00 644] isr        1559 6400  1  
[2017/12/16 21:41:00 644] isr        1569 once_bytes:   6400  
[2017/12/16 21:41:00 645] isr        851  [aud] speech start  
[2017/12/16 21:41:00 645] isr        798  1  msc  
[2017/12/16 21:41:00 845] isr        1547 ASR_MSG_AUW,   cloud  
[2017/12/16 21:41:00 845] isr        1559 6400  2  
[2017/12/16 21:41:00 866] isr        700  cloud_status_cb, eps:  1  
[2017/12/16 21:41:00 866] isr        798  1  cloud  
[2017/12/16 21:41:00 866] isr        813  cloud eps ignored  
[2017/12/16 21:41:01 046] isr        1547 ASR_MSG_AUW,   cloud  
[2017/12/16 21:41:01 046] isr        1559 6400  2  
[2017/12/16 21:41:01 246] isr        1547 ASR_MSG_AUW,   cloud  
[2017/12/16 21:41:01 246] isr        1559 6400  2  
[2017/12/16 21:41:01 447] isr        1547 ASR_MSG_AUW,   cloud  
[2017/12/16 21:41:01 447] isr        1559 6400  2  
[2017/12/16 21:41:01 647] isr        1547 ASR_MSG_AUW,   cloud  
[2017/12/16 21:41:01 647] isr        1559 6400  2  
[2017/12/16 21:41:01 848] isr        1547 ASR_MSG_AUW,   cloud  
[2017/12/16 21:41:01 848] isr        1559 6400  2  
[2017/12/16 21:41:02 049] isr        1547 ASR_MSG_AUW,   cloud  
[2017/12/16 21:41:02 049] isr        1559 6400  2  
[2017/12/16 21:41:02 251] isr        1547 ASR_MSG_AUW,   cloud  
[2017/12/16 21:41:02 251] isr        1559 6400  2  
[2017/12/16 21:41:02 451] isr        1547 ASR_MSG_AUW,   cloud  
[2017/12/16 21:41:02 451] isr        1559 6400  2  
[2017/12/16 21:41:02 652] isr        1547 ASR_MSG_AUW,   cloud  
[2017/12/16 21:41:02 653] isr        1559 6400  2  
[2017/12/16 21:41:02 854] isr        1547 ASR_MSG_AUW,   cloud  
[2017/12/16 21:41:02 854] isr        1559 6400  2  
[2017/12/16 21:41:03 055] isr        1547 ASR_MSG_AUW,   cloud  
[2017/12/16 21:41:03 055] isr        1559 6400  2  
[2017/12/16 21:41:03 256] isr        1547 ASR_MSG_AUW,   cloud  
[2017/12/16 21:41:03 256] isr        1559 6400  2  
[2017/12/16 21:41:03 458] isr        1547 ASR_MSG_AUW,   cloud  
[2017/12/16 21:41:03 458] isr        1559 6400  2  
[2017/12/16 21:41:03 658] isr        1547 ASR_MSG_AUW,   cloud  
[2017/12/16 21:41:03 658] isr        1559 6400  2  
[2017/12/16 21:41:03 860] isr        1547 ASR_MSG_AUW,   cloud  
[2017/12/16 21:41:03 860] isr        1559 6400  2  
[2017/12/16 21:41:04 061] isr        1547 ASR_MSG_AUW,   cloud  
[2017/12/16 21:41:04 061] isr        1559 6400  2  
[2017/12/16 21:41:04 262] isr        1547 ASR_MSG_AUW,   cloud  
[2017/12/16 21:41:04 262] isr        1559 6400  2  
[2017/12/16 21:41:04 462] isr        1547 ASR_MSG_AUW,   cloud  
[2017/12/16 21:41:04 462] isr        1559 6400  2  
[2017/12/16 21:41:04 663] isr        1547 ASR_MSG_AUW,   cloud  
[2017/12/16 21:41:04 663] isr        1559 6400  2  
[2017/12/16 21:41:04 864] isr        1547 ASR_MSG_AUW,   cloud  
[2017/12/16 21:41:04 864] isr        1559 6400  2  
[2017/12/16 21:41:04 898] isr        662  cloud_rslt_cb status =   0  
[2017/12/16 21:41:04 898] isr        641  process_result call:  cloud  udata(e0036c08) 0  nil  
[2017/12/16 21:41:05 065] isr        1547 ASR_MSG_AUW,   cloud  
[2017/12/16 21:41:05 065] isr        1559 7420  2  
[2017/12/16 21:41:05 267] isr        1547 ASR_MSG_AUW,   cloud  
[2017/12/16 21:41:05 267] isr        1559 0  4  
[2017/12/16 21:41:05 267] isr        1592 aud end, USER  
[2017/12/16 21:41:05 267] isr        1636 ASR_MSG_GRSLT,   cloud  
[2017/12/16 21:41:05 267] isr        1335 0  udata(e0036c08) 0  
[2017/12/16 21:41:05 268] isr        854  [aud] speech end  
[2017/12/16 21:41:05 268] isr        798  3  msc  
[2017/12/16 21:41:05 290] isr        700  cloud_status_cb, eps:  3  
[2017/12/16 21:41:05 290] isr        798  3  cloud  
[2017/12/16 21:41:05 290] isr        800  already speech end  
[2017/12/16 21:41:05 291] isr        662  cloud_rslt_cb status =   5  
[2017/12/16 21:41:05 291] isr        641  process_result call:  cloud  udata(e00371a8) 5  nil  
[2017/12/16 21:41:05 291] isr        798  3  msc  
[2017/12/16 21:41:05 291] isr        800  already speech end  
[2017/12/16 21:41:05 419] isr        1636 ASR_MSG_GRSLT,   cloud  
[2017/12/16 21:41:05 419] isr        1335 0  udata(e00371a8) 5  
[2017/12/16 21:41:05 571] isr        1639 ASR_MSG_SSE,   cloud  
[2017/12/16 21:41:05 571] isr        1356 session_end() [in]  
[2017/12/16 21:41:05 571] isr        1421 cloud_session_end() [in]  
[2017/12/16 21:41:05 572] isr        1488 ns_host=  open.xf-yun.com  
[2017/12/16 21:41:05 572] isr        1498 tick()mod=  44294903  
[2017/12/16 21:41:05 572] isr        1499 tick()=  44294903  
[2017/12/16 21:41:05 572] isr        1501 diff=  4900  
[2017/12/16 21:41:05 572] isr        1514 cloud_session_end() [out]  
[2017/12/16 21:41:05 572] isr        1667 isr unload!  
============================================================
Time  2017/12/16 21:41:57 985 
============================================================
[2017/12/16 21:41:57 985] isr        1659 isr loaded!  
[2017/12/16 21:41:57 985] isr        1642 SYS_MSG_REGCB param0 =   msp_status_cb  param1 =   func(5002ccd0) 
[2017/12/16 21:41:57 985] isr        1537 ASR_MSG_SSB  
[2017/12/16 21:41:57 985] isr        1066 session_begin() [in], params:   sub = iat, domain = iat, language = zh_cn, accent = mandarin, sample_rate = 16000, result_type = plain, result_encoding = utf8  nil  
[2017/12/16 21:41:57 985] isr        927  vad_set [in]  
[2017/12/16 21:41:57 985] isr        962  vad_enable :  true  
[2017/12/16 21:41:57 985] isr        980  vad_bos :  10000  
[2017/12/16 21:41:57 985] isr        981  vad_eos :  2000  
[2017/12/16 21:41:57 985] isr        886  enable_vad [in]  
[2017/12/16 21:41:57 985] isr        918  vad enabled!  2000  10000  
[2017/12/16 21:41:57 985] isr        921  enable_vad [out]  
[2017/12/16 21:41:57 985] isr        987  vad_set [out] | ret =  0  
[2017/12/16 21:41:57 985] isr        1187 cur_engine_type =   cloud  
[2017/12/16 21:41:57 985] isr        1001 cloud_session_begin  
[2017/12/16 21:41:57 985] isr        1013 standard  
[2017/12/16 21:41:57 986] isr        1547 ASR_MSG_AUW,   cloud  
[2017/12/16 21:41:57 986] isr        1559 6400  1  
[2017/12/16 21:41:57 986] isr        1569 once_bytes:   6400  
[2017/12/16 21:41:57 987] isr        851  [aud] speech start  
[2017/12/16 21:41:57 988] isr        798  1  msc  
[2017/12/16 21:41:58 187] isr        1547 ASR_MSG_AUW,   cloud  
[2017/12/16 21:41:58 187] isr        1559 6400  2  
[2017/12/16 21:41:58 213] isr        700  cloud_status_cb, eps:  1  
[2017/12/16 21:41:58 214] isr        798  1  cloud  
[2017/12/16 21:41:58 214] isr        813  cloud eps ignored  
[2017/12/16 21:41:58 388] isr        1547 ASR_MSG_AUW,   cloud  
[2017/12/16 21:41:58 389] isr        1559 6400  2  
[2017/12/16 21:41:58 589] isr        1547 ASR_MSG_AUW,   cloud  
[2017/12/16 21:41:58 589] isr        1559 6400  2  
[2017/12/16 21:41:58 790] isr        1547 ASR_MSG_AUW,   cloud  
[2017/12/16 21:41:58 790] isr        1559 6400  2  
[2017/12/16 21:41:58 990] isr        1547 ASR_MSG_AUW,   cloud  
[2017/12/16 21:41:58 990] isr        1559 6400  2  
[2017/12/16 21:41:59 191] isr        1547 ASR_MSG_AUW,   cloud  
[2017/12/16 21:41:59 191] isr        1559 6400  2  
[2017/12/16 21:41:59 391] isr        1547 ASR_MSG_AUW,   cloud  
[2017/12/16 21:41:59 391] isr        1559 6400  2  
[2017/12/16 21:41:59 592] isr        1547 ASR_MSG_AUW,   cloud  
[2017/12/16 21:41:59 592] isr        1559 6400  2  
[2017/12/16 21:41:59 792] isr        1547 ASR_MSG_AUW,   cloud  
[2017/12/16 21:41:59 792] isr        1559 6400  2  
[2017/12/16 21:41:59 993] isr        1547 ASR_MSG_AUW,   cloud  
[2017/12/16 21:41:59 993] isr        1559 6400  2  
[2017/12/16 21:42:00 194] isr        1547 ASR_MSG_AUW,   cloud  
[2017/12/16 21:42:00 194] isr        1559 6400  2  
[2017/12/16 21:42:00 394] isr        1547 ASR_MSG_AUW,   cloud  
[2017/12/16 21:42:00 394] isr        1559 6400  2  
[2017/12/16 21:42:00 595] isr        1547 ASR_MSG_AUW,   cloud  
[2017/12/16 21:42:00 595] isr        1559 6400  2  
[2017/12/16 21:42:00 796] isr        1547 ASR_MSG_AUW,   cloud  
[2017/12/16 21:42:00 796] isr        1559 6400  2  
[2017/12/16 21:42:00 997] isr        1547 ASR_MSG_AUW,   cloud  
[2017/12/16 21:42:00 997] isr        1559 6400  2  
[2017/12/16 21:42:01 197] isr        1547 ASR_MSG_AUW,   cloud  
[2017/12/16 21:42:01 197] isr        1559 6400  2  
[2017/12/16 21:42:01 398] isr        1547 ASR_MSG_AUW,   cloud  
[2017/12/16 21:42:01 398] isr        1559 6400  2  
[2017/12/16 21:42:01 598] isr        1547 ASR_MSG_AUW,   cloud  
[2017/12/16 21:42:01 598] isr        1559 6400  2  
[2017/12/16 21:42:01 799] isr        1547 ASR_MSG_AUW,   cloud  
[2017/12/16 21:42:01 799] isr        1559 6400  2  
[2017/12/16 21:42:02 000] isr        1547 ASR_MSG_AUW,   cloud  
[2017/12/16 21:42:02 000] isr        1559 6400  2  
[2017/12/16 21:42:02 201] isr        1547 ASR_MSG_AUW,   cloud  
[2017/12/16 21:42:02 201] isr        1559 6400  2  
[2017/12/16 21:42:02 224] isr        662  cloud_rslt_cb status =   0  
[2017/12/16 21:42:02 224] isr        641  process_result call:  cloud  udata(500348d8) 0  nil  
[2017/12/16 21:42:02 402] isr        1547 ASR_MSG_AUW,   cloud  
[2017/12/16 21:42:02 402] isr        1559 7420  2  
[2017/12/16 21:42:02 603] isr        1547 ASR_MSG_AUW,   cloud  
[2017/12/16 21:42:02 603] isr        1559 0  4  
[2017/12/16 21:42:02 603] isr        1592 aud end, USER  
[2017/12/16 21:42:02 603] isr        1636 ASR_MSG_GRSLT,   cloud  
[2017/12/16 21:42:02 603] isr        1335 0  udata(500348d8) 0  
[2017/12/16 21:42:02 604] isr        854  [aud] speech end  
[2017/12/16 21:42:02 604] isr        798  3  msc  
[2017/12/16 21:42:02 628] isr        700  cloud_status_cb, eps:  3  
[2017/12/16 21:42:02 628] isr        798  3  cloud  
[2017/12/16 21:42:02 628] isr        800  already speech end  
[2017/12/16 21:42:02 630] isr        662  cloud_rslt_cb status =   5  
[2017/12/16 21:42:02 630] isr        641  process_result call:  cloud  udata(50034b78) 5  nil  
[2017/12/16 21:42:02 630] isr        798  3  msc  
[2017/12/16 21:42:02 630] isr        800  already speech end  
[2017/12/16 21:42:02 754] isr        1636 ASR_MSG_GRSLT,   cloud  
[2017/12/16 21:42:02 754] isr        1335 0  udata(50034b78) 5  
[2017/12/16 21:42:02 907] isr        1639 ASR_MSG_SSE,   cloud  
[2017/12/16 21:42:02 907] isr        1356 session_end() [in]  
[2017/12/16 21:42:02 907] isr        1421 cloud_session_end() [in]  
[2017/12/16 21:42:02 908] isr        1488 ns_host=  open.xf-yun.com  
[2017/12/16 21:42:02 908] isr        1498 tick()mod=  44352239  
[2017/12/16 21:42:02 908] isr        1499 tick()=  44352239  
[2017/12/16 21:42:02 908] isr        1501 diff=  4880  
[2017/12/16 21:42:02 908] isr        1514 cloud_session_end() [out]  
[2017/12/16 21:42:02 908] isr        1667 isr unload!  
============================================================
Time  2017/12/16 21:50:01 405 
============================================================
[2017/12/16 21:50:01 405] isr        1659 isr loaded!  
[2017/12/16 21:50:01 405] isr        1642 SYS_MSG_REGCB param0 =   msp_status_cb  param1 =   func(d4008b70) 
[2017/12/16 21:50:01 405] isr        1537 ASR_MSG_SSB  
[2017/12/16 21:50:01 405] isr        1066 session_begin() [in], params:   sub = asr, result_type = plain, result_encoding = utf8,sample_rate = 16000,aue = speex-wb  c147d826e706cc54a49317fcfe48b957  
[2017/12/16 21:50:01 405] isr        927  vad_set [in]  
[2017/12/16 21:50:01 405] isr        962  vad_enable :  true  
[2017/12/16 21:50:01 405] isr        980  vad_bos :  10000  
[2017/12/16 21:50:01 405] isr        981  vad_eos :  2000  
[2017/12/16 21:50:01 405] isr        886  enable_vad [in]  
[2017/12/16 21:50:01 405] isr        918  vad enabled!  2000  10000  
[2017/12/16 21:50:01 405] isr        921  enable_vad [out]  
[2017/12/16 21:50:01 405] isr        987  vad_set [out] | ret =  0  
[2017/12/16 21:50:01 405] isr        1187 cur_engine_type =   cloud  
[2017/12/16 21:50:01 405] isr        1001 cloud_session_begin  
[2017/12/16 21:50:01 405] isr        1013 standard  
[2017/12/16 21:50:01 410] isr        1547 ASR_MSG_AUW,   cloud  
[2017/12/16 21:50:01 410] isr        1559 6400  1  
[2017/12/16 21:50:01 410] isr        1569 once_bytes:   6400  
[2017/12/16 21:50:01 413] isr        851  [aud] speech start  
[2017/12/16 21:50:01 413] isr        798  1  msc  
[2017/12/16 21:50:01 610] isr        1547 ASR_MSG_AUW,   cloud  
[2017/12/16 21:50:01 610] isr        1559 6400  2  
[2017/12/16 21:50:01 810] isr        1547 ASR_MSG_AUW,   cloud  
[2017/12/16 21:50:01 810] isr        1559 6400  2  
[2017/12/16 21:50:02 011] isr        1547 ASR_MSG_AUW,   cloud  
[2017/12/16 21:50:02 011] isr        1559 6400  2  
[2017/12/16 21:50:02 212] isr        1547 ASR_MSG_AUW,   cloud  
[2017/12/16 21:50:02 212] isr        1559 6400  2  
[2017/12/16 21:50:02 413] isr        1547 ASR_MSG_AUW,   cloud  
[2017/12/16 21:50:02 413] isr        1559 6400  2  
[2017/12/16 21:50:02 613] isr        1547 ASR_MSG_AUW,   cloud  
[2017/12/16 21:50:02 613] isr        1559 6400  2  
[2017/12/16 21:50:02 641] isr        700  cloud_status_cb, eps:  1  
[2017/12/16 21:50:02 641] isr        798  1  cloud  
[2017/12/16 21:50:02 641] isr        813  cloud eps ignored  
[2017/12/16 21:50:02 814] isr        1547 ASR_MSG_AUW,   cloud  
[2017/12/16 21:50:02 814] isr        1559 6400  2  
[2017/12/16 21:50:03 014] isr        1547 ASR_MSG_AUW,   cloud  
[2017/12/16 21:50:03 014] isr        1559 6400  2  
[2017/12/16 21:50:03 215] isr        1547 ASR_MSG_AUW,   cloud  
[2017/12/16 21:50:03 215] isr        1559 6400  2  
[2017/12/16 21:50:03 416] isr        1547 ASR_MSG_AUW,   cloud  
[2017/12/16 21:50:03 416] isr        1559 6400  2  
[2017/12/16 21:50:03 617] isr        1547 ASR_MSG_AUW,   cloud  
[2017/12/16 21:50:03 617] isr        1559 6400  2  
[2017/12/16 21:50:03 817] isr        1547 ASR_MSG_AUW,   cloud  
[2017/12/16 21:50:03 817] isr        1559 6400  2  
[2017/12/16 21:50:04 018] isr        1547 ASR_MSG_AUW,   cloud  
[2017/12/16 21:50:04 018] isr        1559 6400  2  
[2017/12/16 21:50:04 220] isr        1547 ASR_MSG_AUW,   cloud  
[2017/12/16 21:50:04 220] isr        1559 6400  2  
[2017/12/16 21:50:04 420] isr        1547 ASR_MSG_AUW,   cloud  
[2017/12/16 21:50:04 421] isr        1559 6400  2  
[2017/12/16 21:50:04 621] isr        1547 ASR_MSG_AUW,   cloud  
[2017/12/16 21:50:04 621] isr        1559 6400  2  
[2017/12/16 21:50:04 822] isr        1547 ASR_MSG_AUW,   cloud  
[2017/12/16 21:50:04 822] isr        1559 6400  2  
[2017/12/16 21:50:05 023] isr        1547 ASR_MSG_AUW,   cloud  
[2017/12/16 21:50:05 023] isr        1559 6400  2  
[2017/12/16 21:50:05 224] isr        1547 ASR_MSG_AUW,   cloud  
[2017/12/16 21:50:05 224] isr        1559 6400  2  
[2017/12/16 21:50:05 425] isr        1547 ASR_MSG_AUW,   cloud  
[2017/12/16 21:50:05 425] isr        1559 11442  2  
[2017/12/16 21:50:05 626] isr        1547 ASR_MSG_AUW,   cloud  
[2017/12/16 21:50:05 626] isr        1559 0  4  
[2017/12/16 21:50:05 626] isr        1592 aud end, USER  
[2017/12/16 21:50:05 626] isr        1636 ASR_MSG_GRSLT,   cloud  
[2017/12/16 21:50:05 626] isr        1335 0  nil  2  
[2017/12/16 21:50:05 627] isr        854  [aud] speech end  
[2017/12/16 21:50:05 627] isr        798  3  msc  
[2017/12/16 21:50:05 778] isr        1636 ASR_MSG_GRSLT,   cloud  
[2017/12/16 21:50:05 778] isr        1335 0  nil  2  
[2017/12/16 21:50:05 930] isr        1636 ASR_MSG_GRSLT,   cloud  
[2017/12/16 21:50:05 930] isr        1335 0  nil  2  
[2017/12/16 21:50:06 081] isr        1636 ASR_MSG_GRSLT,   cloud  
[2017/12/16 21:50:06 082] isr        1335 0  nil  2  
[2017/12/16 21:50:06 232] isr        1636 ASR_MSG_GRSLT,   cloud  
[2017/12/16 21:50:06 232] isr        1335 0  nil  2  
[2017/12/16 21:50:06 383] isr        1636 ASR_MSG_GRSLT,   cloud  
[2017/12/16 21:50:06 383] isr        1335 0  nil  2  
[2017/12/16 21:50:06 386] isr        662  cloud_rslt_cb status =   5  
[2017/12/16 21:50:06 386] isr        641  process_result call:  cloud  udata(d403e0e8) 5  nil  
[2017/12/16 21:50:06 386] isr        798  3  msc  
[2017/12/16 21:50:06 386] isr        800  already speech end  
[2017/12/16 21:50:06 535] isr        1636 ASR_MSG_GRSLT,   cloud  
[2017/12/16 21:50:06 535] isr        1335 0  udata(d403e0e8) 5  
[2017/12/16 21:50:06 687] isr        1639 ASR_MSG_SSE,   cloud  
[2017/12/16 21:50:06 687] isr        1356 session_end() [in]  
[2017/12/16 21:50:06 687] isr        1421 cloud_session_end() [in]  
[2017/12/16 21:50:06 688] isr        1488 ns_host=  open.xf-yun.com  
[2017/12/16 21:50:06 688] isr        1498 tick()mod=  44836019  
[2017/12/16 21:50:06 688] isr        1499 tick()=  44836019  
[2017/12/16 21:50:06 688] isr        1501 diff=  5250  
[2017/12/16 21:50:06 688] isr        1514 cloud_session_end() [out]  
[2017/12/16 21:50:06 689] isr        1667 isr unload!  
============================================================
Time  2017/12/16 21:58:48 464 
============================================================
[2017/12/16 21:58:48 464] isr        1659 isr loaded!  
[2017/12/16 21:58:48 464] isr        1642 SYS_MSG_REGCB param0 =   msp_status_cb  param1 =   func(2c02ccd0) 
[2017/12/16 21:58:48 464] isr        1537 ASR_MSG_SSB  
[2017/12/16 21:58:48 464] isr        1066 session_begin() [in], params:   sub = iat, domain = iat, language = zh_cn, accent = mandarin, sample_rate = 16000, result_type = plain, result_encoding = utf8  nil  
[2017/12/16 21:58:48 464] isr        927  vad_set [in]  
[2017/12/16 21:58:48 464] isr        962  vad_enable :  true  
[2017/12/16 21:58:48 464] isr        980  vad_bos :  10000  
[2017/12/16 21:58:48 464] isr        981  vad_eos :  2000  
[2017/12/16 21:58:48 464] isr        886  enable_vad [in]  
[2017/12/16 21:58:48 464] isr        918  vad enabled!  2000  10000  
[2017/12/16 21:58:48 464] isr        921  enable_vad [out]  
[2017/12/16 21:58:48 464] isr        987  vad_set [out] | ret =  0  
[2017/12/16 21:58:48 464] isr        1187 cur_engine_type =   cloud  
[2017/12/16 21:58:48 464] isr        1001 cloud_session_begin  
[2017/12/16 21:58:48 464] isr        1013 standard  
[2017/12/16 21:58:48 682] isr        1547 ASR_MSG_AUW,   cloud  
[2017/12/16 21:58:48 682] isr        1559 3200  1  
[2017/12/16 21:58:48 682] isr        1569 once_bytes:   3200  
[2017/12/16 21:58:48 683] isr        1547 ASR_MSG_AUW,   cloud  
[2017/12/16 21:58:48 683] isr        1559 3200  2  
[2017/12/16 21:58:48 684] isr        851  [aud] speech start  
[2017/12/16 21:58:48 684] isr        798  1  msc  
[2017/12/16 21:58:48 771] isr        700  cloud_status_cb, eps:  1  
[2017/12/16 21:58:48 771] isr        798  1  cloud  
[2017/12/16 21:58:48 771] isr        813  cloud eps ignored  
[2017/12/16 21:58:48 805] isr        1547 ASR_MSG_AUW,   cloud  
[2017/12/16 21:58:48 805] isr        1559 3200  2  
[2017/12/16 21:58:48 927] isr        1547 ASR_MSG_AUW,   cloud  
[2017/12/16 21:58:48 927] isr        1559 3200  2  
[2017/12/16 21:58:49 049] isr        1547 ASR_MSG_AUW,   cloud  
[2017/12/16 21:58:49 049] isr        1559 3200  2  
[2017/12/16 21:58:49 171] isr        1547 ASR_MSG_AUW,   cloud  
[2017/12/16 21:58:49 171] isr        1559 3200  2  
[2017/12/16 21:58:49 294] isr        1547 ASR_MSG_AUW,   cloud  
[2017/12/16 21:58:49 294] isr        1559 3200  2  
[2017/12/16 21:58:49 414] isr        1547 ASR_MSG_AUW,   cloud  
[2017/12/16 21:58:49 414] isr        1559 3200  2  
[2017/12/16 21:58:49 531] isr        1547 ASR_MSG_AUW,   cloud  
[2017/12/16 21:58:49 531] isr        1559 3200  2  
[2017/12/16 21:58:49 531] isr        1547 ASR_MSG_AUW,   cloud  
[2017/12/16 21:58:49 531] isr        1559 3200  2  
[2017/12/16 21:58:49 646] isr        1547 ASR_MSG_AUW,   cloud  
[2017/12/16 21:58:49 646] isr        1559 3200  2  
[2017/12/16 21:58:49 748] isr        1547 ASR_MSG_AUW,   cloud  
[2017/12/16 21:58:49 748] isr        1559 3200  2  
[2017/12/16 21:58:49 853] isr        1547 ASR_MSG_AUW,   cloud  
[2017/12/16 21:58:49 854] isr        1559 3200  2  
[2017/12/16 21:58:49 968] isr        1547 ASR_MSG_AUW,   cloud  
[2017/12/16 21:58:49 968] isr        1559 3200  2  
[2017/12/16 21:58:50 083] isr        1547 ASR_MSG_AUW,   cloud  
[2017/12/16 21:58:50 083] isr        1559 3200  2  
[2017/12/16 21:58:50 198] isr        1547 ASR_MSG_AUW,   cloud  
[2017/12/16 21:58:50 198] isr        1559 3200  2  
[2017/12/16 21:58:50 312] isr        1547 ASR_MSG_AUW,   cloud  
[2017/12/16 21:58:50 312] isr        1559 3200  2  
[2017/12/16 21:58:50 427] isr        1547 ASR_MSG_AUW,   cloud  
[2017/12/16 21:58:50 427] isr        1559 3200  2  
[2017/12/16 21:58:50 427] isr        1547 ASR_MSG_AUW,   cloud  
[2017/12/16 21:58:50 427] isr        1559 3200  2  
[2017/12/16 21:58:50 541] isr        1547 ASR_MSG_AUW,   cloud  
[2017/12/16 21:58:50 541] isr        1559 3200  2  
[2017/12/16 21:58:50 656] isr        1547 ASR_MSG_AUW,   cloud  
[2017/12/16 21:58:50 656] isr        1559 3200  2  
[2017/12/16 21:58:50 771] isr        1547 ASR_MSG_AUW,   cloud  
[2017/12/16 21:58:50 771] isr        1559 3200  2  
[2017/12/16 21:58:50 886] isr        1547 ASR_MSG_AUW,   cloud  
[2017/12/16 21:58:50 886] isr        1559 3200  2  
[2017/12/16 21:58:51 001] isr        1547 ASR_MSG_AUW,   cloud  
[2017/12/16 21:58:51 001] isr        1559 3200  2  
[2017/12/16 21:58:51 115] isr        1547 ASR_MSG_AUW,   cloud  
[2017/12/16 21:58:51 115] isr        1559 3200  2  
[2017/12/16 21:58:51 230] isr        1547 ASR_MSG_AUW,   cloud  
[2017/12/16 21:58:51 230] isr        1559 3200  2  
[2017/12/16 21:58:51 231] isr        1547 ASR_MSG_AUW,   cloud  
[2017/12/16 21:58:51 231] isr        1559 3200  2  
[2017/12/16 21:58:51 345] isr        1547 ASR_MSG_AUW,   cloud  
[2017/12/16 21:58:51 345] isr        1559 3200  2  
[2017/12/16 21:58:51 460] isr        1547 ASR_MSG_AUW,   cloud  
[2017/12/16 21:58:51 460] isr        1559 3200  2  
[2017/12/16 21:58:51 574] isr        1547 ASR_MSG_AUW,   cloud  
[2017/12/16 21:58:51 574] isr        1559 3200  2  
[2017/12/16 21:58:51 689] isr        1547 ASR_MSG_AUW,   cloud  
[2017/12/16 21:58:51 689] isr        1559 3200  2  
[2017/12/16 21:58:51 804] isr        1547 ASR_MSG_AUW,   cloud  
[2017/12/16 21:58:51 804] isr        1559 3200  2  
[2017/12/16 21:58:51 918] isr        1547 ASR_MSG_AUW,   cloud  
[2017/12/16 21:58:51 918] isr        1559 3200  2  
[2017/12/16 21:58:52 033] isr        1547 ASR_MSG_AUW,   cloud  
[2017/12/16 21:58:52 033] isr        1559 3200  2  
[2017/12/16 21:58:52 033] isr        1547 ASR_MSG_AUW,   cloud  
[2017/12/16 21:58:52 033] isr        1559 3200  2  
[2017/12/16 21:58:52 148] isr        1547 ASR_MSG_AUW,   cloud  
[2017/12/16 21:58:52 148] isr        1559 3200  2  
[2017/12/16 21:58:52 263] isr        1547 ASR_MSG_AUW,   cloud  
[2017/12/16 21:58:52 263] isr        1559 3200  2  
[2017/12/16 21:58:52 377] isr        1547 ASR_MSG_AUW,   cloud  
[2017/12/16 21:58:52 377] isr        1559 3200  2  
[2017/12/16 21:58:52 492] isr        1547 ASR_MSG_AUW,   cloud  
[2017/12/16 21:58:52 492] isr        1559 3200  2  
[2017/12/16 21:58:52 608] isr        1547 ASR_MSG_AUW,   cloud  
[2017/12/16 21:58:52 608] isr        1559 3200  2  
[2017/12/16 21:58:52 721] isr        1547 ASR_MSG_AUW,   cloud  
[2017/12/16 21:58:52 721] isr        1559 3200  2  
[2017/12/16 21:58:52 721] isr        1547 ASR_MSG_AUW,   cloud  
[2017/12/16 21:58:52 721] isr        1559 3200  2  
[2017/12/16 21:58:52 836] isr        1547 ASR_MSG_AUW,   cloud  
[2017/12/16 21:58:52 836] isr        1559 3200  2  
[2017/12/16 21:58:52 951] isr        1547 ASR_MSG_AUW,   cloud  
[2017/12/16 21:58:52 951] isr        1559 3200  2  
[2017/12/16 21:58:53 067] isr        1547 ASR_MSG_AUW,   cloud  
[2017/12/16 21:58:53 067] isr        1559 3200  2  
[2017/12/16 21:58:53 181] isr        1547 ASR_MSG_AUW,   cloud  
[2017/12/16 21:58:53 181] isr        1559 3200  2  
[2017/12/16 21:58:53 295] isr        1547 ASR_MSG_AUW,   cloud  
[2017/12/16 21:58:53 295] isr        1559 3200  2  
[2017/12/16 21:58:53 411] isr        1547 ASR_MSG_AUW,   cloud  
[2017/12/16 21:58:53 411] isr        1559 3200  2  
[2017/12/16 21:58:53 525] isr        1547 ASR_MSG_AUW,   cloud  
[2017/12/16 21:58:53 525] isr        1559 3200  2  
[2017/12/16 21:58:53 526] isr        1547 ASR_MSG_AUW,   cloud  
[2017/12/16 21:58:53 526] isr        1559 3200  2  
[2017/12/16 21:58:53 640] isr        1547 ASR_MSG_AUW,   cloud  
[2017/12/16 21:58:53 640] isr        1559 3200  2  
[2017/12/16 21:58:53 754] isr        1547 ASR_MSG_AUW,   cloud  
[2017/12/16 21:58:53 754] isr        1559 3200  2  
[2017/12/16 21:58:53 869] isr        1547 ASR_MSG_AUW,   cloud  
[2017/12/16 21:58:53 869] isr        1559 3200  2  
[2017/12/16 21:58:53 984] isr        1547 ASR_MSG_AUW,   cloud  
[2017/12/16 21:58:53 984] isr        1559 3200  2  
[2017/12/16 21:58:54 099] isr        1547 ASR_MSG_AUW,   cloud  
[2017/12/16 21:58:54 099] isr        1559 3200  2  
[2017/12/16 21:58:54 213] isr        1547 ASR_MSG_AUW,   cloud  
[2017/12/16 21:58:54 213] isr        1559 3200  2  
[2017/12/16 21:58:54 329] isr        1547 ASR_MSG_AUW,   cloud  
[2017/12/16 21:58:54 329] isr        1559 3200  2  
[2017/12/16 21:58:54 330] isr        1547 ASR_MSG_AUW,   cloud  
[2017/12/16 21:58:54 330] isr        1559 3200  2  
[2017/12/16 21:58:54 442] isr        1547 ASR_MSG_AUW,   cloud  
[2017/12/16 21:58:54 442] isr        1559 3200  2  
[2017/12/16 21:58:54 558] isr        1547 ASR_MSG_AUW,   cloud  
[2017/12/16 21:58:54 558] isr        1559 3200  2  
[2017/12/16 21:58:54 673] isr        1547 ASR_MSG_AUW,   cloud  
[2017/12/16 21:58:54 673] isr        1559 3200  2  
[2017/12/16 21:58:54 788] isr        1547 ASR_MSG_AUW,   cloud  
[2017/12/16 21:58:54 788] isr        1559 3200  2  
[2017/12/16 21:58:54 902] isr        1547 ASR_MSG_AUW,   cloud  
[2017/12/16 21:58:54 902] isr        1559 3200  2  
[2017/12/16 21:58:55 017] isr        1547 ASR_MSG_AUW,   cloud  
[2017/12/16 21:58:55 017] isr        1559 3200  2  
[2017/12/16 21:58:55 131] isr        1547 ASR_MSG_AUW,   cloud  
[2017/12/16 21:58:55 132] isr        1559 3200  2  
[2017/12/16 21:58:55 132] isr        1547 ASR_MSG_AUW,   cloud  
[2017/12/16 21:58:55 132] isr        1559 3200  2  
[2017/12/16 21:58:55 246] isr        1547 ASR_MSG_AUW,   cloud  
[2017/12/16 21:58:55 246] isr        1559 3200  2  
[2017/12/16 21:58:55 361] isr        1547 ASR_MSG_AUW,   cloud  
[2017/12/16 21:58:55 361] isr        1559 3200  2  
[2017/12/16 21:58:55 476] isr        1547 ASR_MSG_AUW,   cloud  
[2017/12/16 21:58:55 476] isr        1559 3200  2  
[2017/12/16 21:58:55 591] isr        1547 ASR_MSG_AUW,   cloud  
[2017/12/16 21:58:55 591] isr        1559 3200  2  
[2017/12/16 21:58:55 705] isr        1547 ASR_MSG_AUW,   cloud  
[2017/12/16 21:58:55 705] isr        1559 3200  2  
[2017/12/16 21:58:55 820] isr        1547 ASR_MSG_AUW,   cloud  
[2017/12/16 21:58:55 820] isr        1559 3200  2  
[2017/12/16 21:58:55 820] isr        1547 ASR_MSG_AUW,   cloud  
[2017/12/16 21:58:55 820] isr        1559 3200  2  
[2017/12/16 21:58:55 935] isr        1547 ASR_MSG_AUW,   cloud  
[2017/12/16 21:58:55 935] isr        1559 3200  2  
[2017/12/16 21:58:56 013] isr        662  cloud_rslt_cb status =   0  
[2017/12/16 21:58:56 013] isr        641  process_result call:  cloud  udata(2c036f78) 0  nil  
[2017/12/16 21:58:56 050] isr        1547 ASR_MSG_AUW,   cloud  
[2017/12/16 21:58:56 050] isr        1559 3200  2  
[2017/12/16 21:58:56 165] isr        1547 ASR_MSG_AUW,   cloud  
[2017/12/16 21:58:56 165] isr        1559 3200  2  
[2017/12/16 21:58:56 165] isr        1636 ASR_MSG_GRSLT,   cloud  
[2017/12/16 21:58:56 165] isr        1335 0  udata(2c036f78) 0  
[2017/12/16 21:58:56 279] isr        1547 ASR_MSG_AUW,   cloud  
[2017/12/16 21:58:56 279] isr        1559 3200  2  
[2017/12/16 21:58:56 280] isr        1636 ASR_MSG_GRSLT,   cloud  
[2017/12/16 21:58:56 280] isr        1335 0  nil  2  
[2017/12/16 21:58:56 394] isr        1547 ASR_MSG_AUW,   cloud  
[2017/12/16 21:58:56 394] isr        1559 3200  2  
[2017/12/16 21:58:56 509] isr        1547 ASR_MSG_AUW,   cloud  
[2017/12/16 21:58:56 509] isr        1559 3200  2  
[2017/12/16 21:58:56 624] isr        1547 ASR_MSG_AUW,   cloud  
[2017/12/16 21:58:56 624] isr        1559 3200  2  
[2017/12/16 21:58:56 624] isr        1547 ASR_MSG_AUW,   cloud  
[2017/12/16 21:58:56 624] isr        1559 3200  2  
[2017/12/16 21:58:56 738] isr        1547 ASR_MSG_AUW,   cloud  
[2017/12/16 21:58:56 738] isr        1559 3200  2  
[2017/12/16 21:58:56 853] isr        1547 ASR_MSG_AUW,   cloud  
[2017/12/16 21:58:56 853] isr        1559 3200  2  
[2017/12/16 21:58:56 968] isr        1547 ASR_MSG_AUW,   cloud  
[2017/12/16 21:58:56 968] isr        1559 3200  2  
[2017/12/16 21:58:57 083] isr        1547 ASR_MSG_AUW,   cloud  
[2017/12/16 21:58:57 083] isr        1559 3200  2  
[2017/12/16 21:58:57 197] isr        1547 ASR_MSG_AUW,   cloud  
[2017/12/16 21:58:57 197] isr        1559 3200  2  
[2017/12/16 21:58:57 198] isr        854  [aud] speech end  
[2017/12/16 21:58:57 198] isr        798  3  msc  
[2017/12/16 21:58:57 198] isr        864  aud end, MSC VAD  
[2017/12/16 21:58:57 272] isr        700  cloud_status_cb, eps:  3  
[2017/12/16 21:58:57 272] isr        798  3  cloud  
[2017/12/16 21:58:57 272] isr        800  already speech end  
[2017/12/16 21:58:57 274] isr        662  cloud_rslt_cb status =   5  
[2017/12/16 21:58:57 274] isr        641  process_result call:  cloud  udata(2c055698) 5  nil  
[2017/12/16 21:58:57 274] isr        798  3  msc  
[2017/12/16 21:58:57 274] isr        800  already speech end  
[2017/12/16 21:58:57 312] isr        1547 ASR_MSG_AUW,   cloud  
[2017/12/16 21:58:57 312] isr        1559 3200  2  
[2017/12/16 21:58:57 314] isr        1636 ASR_MSG_GRSLT,   cloud  
[2017/12/16 21:58:57 314] isr        1335 0  udata(2c055698) 5  
[2017/12/16 21:58:57 416] isr        1639 ASR_MSG_SSE,   cloud  
[2017/12/16 21:58:57 416] isr        1356 session_end() [in]  
[2017/12/16 21:58:57 416] isr        1421 cloud_session_end() [in]  
[2017/12/16 21:58:57 418] isr        1488 ns_host=  open.xf-yun.com  
[2017/12/16 21:58:57 418] isr        1498 tick()mod=  45366749  
[2017/12/16 21:58:57 418] isr        1499 tick()=  45366749  
[2017/12/16 21:58:57 418] isr        1501 diff=  8811  
[2017/12/16 21:58:57 418] isr        1514 cloud_session_end() [out]  
[2017/12/16 21:58:57 418] isr        1667 isr unload!  
============================================================
Time  2017/12/16 22:02:37 259 
============================================================
[2017/12/16 22:02:37 259] isr        1659 isr loaded!  
[2017/12/16 22:02:37 259] isr        1642 SYS_MSG_REGCB param0 =   msp_status_cb  param1 =   func(9402cca0) 
[2017/12/16 22:02:37 259] isr        1537 ASR_MSG_SSB  
[2017/12/16 22:02:37 259] isr        1066 session_begin() [in], params:   sub = iat, domain = iat, language = zh_cn, accent = mandarin, sample_rate = 16000, result_type = plain, result_encoding = utf8  nil  
[2017/12/16 22:02:37 259] isr        927  vad_set [in]  
[2017/12/16 22:02:37 259] isr        962  vad_enable :  true  
[2017/12/16 22:02:37 259] isr        980  vad_bos :  10000  
[2017/12/16 22:02:37 259] isr        981  vad_eos :  2000  
[2017/12/16 22:02:37 259] isr        886  enable_vad [in]  
[2017/12/16 22:02:37 260] isr        918  vad enabled!  2000  10000  
[2017/12/16 22:02:37 260] isr        921  enable_vad [out]  
[2017/12/16 22:02:37 260] isr        987  vad_set [out] | ret =  0  
[2017/12/16 22:02:37 260] isr        1187 cur_engine_type =   cloud  
[2017/12/16 22:02:37 260] isr        1001 cloud_session_begin  
[2017/12/16 22:02:37 260] isr        1013 standard  
[2017/12/16 22:02:37 451] isr        1547 ASR_MSG_AUW,   cloud  
[2017/12/16 22:02:37 451] isr        1559 3200  1  
[2017/12/16 22:02:37 451] isr        1569 once_bytes:   3200  
[2017/12/16 22:02:37 451] isr        1547 ASR_MSG_AUW,   cloud  
[2017/12/16 22:02:37 451] isr        1559 3200  2  
[2017/12/16 22:02:37 452] isr        851  [aud] speech start  
[2017/12/16 22:02:37 452] isr        798  1  msc  
[2017/12/16 22:02:37 513] isr        700  cloud_status_cb, eps:  1  
[2017/12/16 22:02:37 513] isr        798  1  cloud  
[2017/12/16 22:02:37 513] isr        813  cloud eps ignored  
[2017/12/16 22:02:37 557] isr        1547 ASR_MSG_AUW,   cloud  
[2017/12/16 22:02:37 557] isr        1559 3200  2  
[2017/12/16 22:02:37 663] isr        1547 ASR_MSG_AUW,   cloud  
[2017/12/16 22:02:37 663] isr        1559 3200  2  
[2017/12/16 22:02:37 771] isr        1547 ASR_MSG_AUW,   cloud  
[2017/12/16 22:02:37 771] isr        1559 3200  2  
[2017/12/16 22:02:37 878] isr        1547 ASR_MSG_AUW,   cloud  
[2017/12/16 22:02:37 878] isr        1559 3200  2  
[2017/12/16 22:02:37 986] isr        1547 ASR_MSG_AUW,   cloud  
[2017/12/16 22:02:37 986] isr        1559 3200  2  
[2017/12/16 22:02:38 093] isr        1547 ASR_MSG_AUW,   cloud  
[2017/12/16 22:02:38 093] isr        1559 3200  2  
[2017/12/16 22:02:38 201] isr        1547 ASR_MSG_AUW,   cloud  
[2017/12/16 22:02:38 201] isr        1559 3200  2  
[2017/12/16 22:02:38 201] isr        1547 ASR_MSG_AUW,   cloud  
[2017/12/16 22:02:38 201] isr        1559 3200  2  
[2017/12/16 22:02:38 308] isr        1547 ASR_MSG_AUW,   cloud  
[2017/12/16 22:02:38 308] isr        1559 3200  2  
[2017/12/16 22:02:38 415] isr        1547 ASR_MSG_AUW,   cloud  
[2017/12/16 22:02:38 415] isr        1559 3200  2  
[2017/12/16 22:02:38 521] isr        1547 ASR_MSG_AUW,   cloud  
[2017/12/16 22:02:38 521] isr        1559 3200  2  
[2017/12/16 22:02:38 629] isr        1547 ASR_MSG_AUW,   cloud  
[2017/12/16 22:02:38 629] isr        1559 3200  2  
[2017/12/16 22:02:38 736] isr        1547 ASR_MSG_AUW,   cloud  
[2017/12/16 22:02:38 736] isr        1559 3200  2  
[2017/12/16 22:02:38 843] isr        1547 ASR_MSG_AUW,   cloud  
[2017/12/16 22:02:38 843] isr        1559 3200  2  
[2017/12/16 22:02:38 951] isr        1547 ASR_MSG_AUW,   cloud  
[2017/12/16 22:02:38 951] isr        1559 3200  2  
[2017/12/16 22:02:38 951] isr        1547 ASR_MSG_AUW,   cloud  
[2017/12/16 22:02:38 951] isr        1559 3200  2  
[2017/12/16 22:02:39 057] isr        1547 ASR_MSG_AUW,   cloud  
[2017/12/16 22:02:39 057] isr        1559 3200  2  
[2017/12/16 22:02:39 165] isr        1547 ASR_MSG_AUW,   cloud  
[2017/12/16 22:02:39 165] isr        1559 3200  2  
[2017/12/16 22:02:39 230] isr        662  cloud_rslt_cb status =   0  
[2017/12/16 22:02:39 230] isr        641  process_result call:  cloud  udata(940367d8) 0  nil  
[2017/12/16 22:02:39 272] isr        1547 ASR_MSG_AUW,   cloud  
[2017/12/16 22:02:39 273] isr        1559 3200  2  
[2017/12/16 22:02:39 379] isr        1547 ASR_MSG_AUW,   cloud  
[2017/12/16 22:02:39 379] isr        1559 3200  2  
[2017/12/16 22:02:39 379] isr        1636 ASR_MSG_GRSLT,   cloud  
[2017/12/16 22:02:39 379] isr        1335 0  udata(940367d8) 0  
[2017/12/16 22:02:39 486] isr        1547 ASR_MSG_AUW,   cloud  
[2017/12/16 22:02:39 486] isr        1559 3200  2  
[2017/12/16 22:02:39 486] isr        1636 ASR_MSG_GRSLT,   cloud  
[2017/12/16 22:02:39 486] isr        1335 0  nil  2  
[2017/12/16 22:02:39 594] isr        1547 ASR_MSG_AUW,   cloud  
[2017/12/16 22:02:39 594] isr        1559 3200  2  
[2017/12/16 22:02:39 595] isr        1547 ASR_MSG_AUW,   cloud  
[2017/12/16 22:02:39 595] isr        1559 3200  2  
[2017/12/16 22:02:39 701] isr        1547 ASR_MSG_AUW,   cloud  
[2017/12/16 22:02:39 701] isr        1559 3200  2  
[2017/12/16 22:02:39 808] isr        1547 ASR_MSG_AUW,   cloud  
[2017/12/16 22:02:39 808] isr        1559 3200  2  
[2017/12/16 22:02:39 916] isr        1547 ASR_MSG_AUW,   cloud  
[2017/12/16 22:02:39 916] isr        1559 3200  2  
[2017/12/16 22:02:39 917] isr        854  [aud] speech end  
[2017/12/16 22:02:39 917] isr        798  3  msc  
[2017/12/16 22:02:39 917] isr        864  aud end, MSC VAD  
[2017/12/16 22:02:39 983] isr        700  cloud_status_cb, eps:  3  
[2017/12/16 22:02:39 984] isr        798  3  cloud  
[2017/12/16 22:02:39 984] isr        800  already speech end  
[2017/12/16 22:02:39 985] isr        662  cloud_rslt_cb status =   5  
[2017/12/16 22:02:39 985] isr        641  process_result call:  cloud  udata(94037df8) 5  nil  
[2017/12/16 22:02:39 985] isr        798  3  msc  
[2017/12/16 22:02:39 985] isr        800  already speech end  
[2017/12/16 22:02:40 023] isr        1547 ASR_MSG_AUW,   cloud  
[2017/12/16 22:02:40 023] isr        1559 3200  2  
[2017/12/16 22:02:40 025] isr        1636 ASR_MSG_GRSLT,   cloud  
[2017/12/16 22:02:40 025] isr        1335 0  udata(94037df8) 5  
[2017/12/16 22:02:40 126] isr        1639 ASR_MSG_SSE,   cloud  
[2017/12/16 22:02:40 126] isr        1356 session_end() [in]  
[2017/12/16 22:02:40 126] isr        1421 cloud_session_end() [in]  
[2017/12/16 22:02:40 127] isr        1488 ns_host=  open.xf-yun.com  
[2017/12/16 22:02:40 127] isr        1498 tick()mod=  45589459  
[2017/12/16 22:02:40 128] isr        1499 tick()=  45589459  
[2017/12/16 22:02:40 128] isr        1501 diff=  2756  
[2017/12/16 22:02:40 128] isr        1514 cloud_session_end() [out]  
[2017/12/16 22:02:40 128] isr        1667 isr unload!  
