============================================================
Time  2017/12/16 21:50:01 302 
============================================================
[2017/12/16 21:50:01 302] legacyuup  324  SYS_MSG_LOAD  
[2017/12/16 21:50:01 302] legacyuup  237  UUP_MSG_START  
[2017/12/16 21:50:01 302] legacyuup  239  legacyuup  legacyuup_2ac0fa6  268436457  1504340178  
[2017/12/16 21:50:01 302] legacyuup  282  User set url is   nil  
[2017/12/16 21:50:01 302] transport  658  paramkvsport is   nil  
[2017/12/16 21:50:01 302] transport  666  ns_enable=  1  
[2017/12/16 21:50:01 302] transport  672  net.nettype=  standard  
[2017/12/16 21:50:01 302] transport  711  url.full=  nil  
[2017/12/16 21:50:01 302] transport  896  switch 80  
[2017/12/16 21:50:01 302] transport  907  net type:  standard  
[2017/12/16 21:50:01 302] transport  908  net operator:  def  
[2017/12/16 21:50:01 302] transport  909  use proxy:  false  
[2017/12/16 21:50:01 303] legacyuup  299  not login!  
[2017/12/16 21:50:01 372] legacyuup  313  UUP_MSG_LGI_RESULT  
[2017/12/16 21:50:01 372] legacyuup  193  [session] send uup request  
[2017/12/16 21:50:01 372] transport  1042 session.domain=  open.xf-yun.com  
[2017/12/16 21:50:01 372] transport  1043 url.host=  open.xf-yun.com  
[2017/12/16 21:50:01 372] transport  1077 NAMESERVER START  
[2017/12/16 21:50:01 372] transport  1080 name =   asr  
[2017/12/16 21:50:01 372] ns         629  ntt=  standard  
[2017/12/16 21:50:01 372] transport  1083 trans,ns_inprog =  0  
[2017/12/16 21:50:01 372] ns         585  name server start  
[2017/12/16 21:50:01 372] ns         586  ns_sub =   asr  
[2017/12/16 21:50:01 372] ns         588  ns_host=  open.xf-yun.com  
[2017/12/16 21:50:01 372] ns         479  ns_host=  open.xf-yun.com  
[2017/12/16 21:50:01 372] ns         558  GET /sip/resolver?srand=1216215011.32 HTTP/1.1
Host: hdns.openspeech.cn
Connection: Keep-Alive
X-Par: ver=1.3&appid=5a334825&operator=UNKNOW&nettype=STANDARD&cver=5.0.34.1166&svc=asr&host=open.xf-yun.com&sign=211a09316aae140e73b4bf28014b6cf6
User-Agent: iFLYCloud

  
[2017/12/16 21:50:01 372] ns         559  net_type =  standard  
[2017/12/16 21:50:01 372] ns         560  cmwapascmnet =  
[2017/12/16 21:50:01 373] ns         561  uniwapasuninet =  
[2017/12/16 21:50:01 373] ns         562  ctwapasctnet =  
[2017/12/16 21:50:01 373] ns         579  host=  hdns.openspeech.cn  
[2017/12/16 21:50:01 373] network    242  gethostbyname  hdns.openspeech.cn  ns1  
[2017/12/16 21:50:01 373] legacyuup  150  lver:  nil  
[2017/12/16 21:50:01 373] legacyuup  155  cfg_ver:  nil  
[2017/12/16 21:50:01 375] network    224  dns resp  0  ns1  
[2017/12/16 21:50:01 375] ns         425  ns dns ok  117.121.56.5  
[2017/12/16 21:50:01 375] ns         205  iplist not avail  
[2017/12/16 21:50:01 375] ns         432  is_voicecloud_ip=  0  
[2017/12/16 21:50:01 375] ns         439  ip_is_expected=  true  
[2017/12/16 21:50:01 375] ns         447  ip_is_expected=  true  
[2017/12/16 21:50:01 375] network    423  gethttpresp2  117.121.56.5  80  ns2  
[2017/12/16 21:50:01 375] network    440  prot_type  tcp  
[2017/12/16 21:50:01 377] transport  142  [dns] [1] response 117.121.21.149  
[2017/12/16 21:50:01 377] transport  152  117  121  21  149  
[2017/12/16 21:50:01 377] transport  203  ipv =  v4  
[2017/12/16 21:50:01 377] transport  207  dns ip is v4  
[2017/12/16 21:50:01 377] transport  181  iplist not avail  
[2017/12/16 21:50:01 377] transport  247  no iplist now  
[2017/12/16 21:50:01 377] network    93   iptoenv ,  ipcache  open.xf-yun.com  def  117.121.21.149  
[2017/12/16 21:50:01 378] transport  291  dns cb start conn  
[2017/12/16 21:50:01 378] transport  1276 [soc] connect   117.121.21.149  80  
[2017/12/16 21:50:01 378] transport  1293 mspsoc.open,prot_type=  tcp  
[2017/12/16 21:50:01 389] network    328  connected  ns2  
[2017/12/16 21:50:01 390] transport  476  [soc] [1] connected  
[2017/12/16 21:50:01 390] transport  1333 build http request.  
[2017/12/16 21:50:01 390] transport  1433 POST /msp.do HTTP/1.1
Host: open.xf-yun.com
Content-Type: multipart/mixed;boundary=--
Content-Length: 957
User-Agent: iFLYCloud
Cache-Control: no-cache
Accept: */*

----
CL:168
CT:text/plain

ver=MSSP+0%2E9&sub=asr&cmd=uup&cver=5%2E0%2E34%2E1166&key=0fyL1TV02iFM4mLbZ6QSLUz4/5Z8E6g/hiicOcJYOHUpo^HBywnTxKrVTu2mCj2JmGpWIMvlpGfrRMuE^Lqv42qxmhs5T9hkChTLhPi6r^Nqs=
----
CL:280
CT:binary/userdata+abnf
CE:gzip,encrypt/0.2

  
[2017/12/16 21:50:01 391] transport  1753 msg:release()  
[2017/12/16 21:50:01 391] network    331  send ok  271  ns2  
[2017/12/16 21:50:01 391] transport  506  [soc] [1] send ok  1130  
[2017/12/16 21:50:01 400] network    340  readable  ns2  
[2017/12/16 21:50:01 400] network    344  HTTP/1.1 200 OK
Date: Sat, 16 Dec 2017 13:50:01 GMT
Content-Type: application/json
Content-Length: 312
Connection: keep-alive
Server: iflytek/hdns

{"dns":[{"host":"open.xf-yun.com","sip":[{"svc":"asr","ips":[{"ip":"117.121.56.3","port":80,"idc":"ch"},{"ip":"117.121.21.146","port":80,"idc":"ch"}],"ttl":6000,"compel":0}]}],"default":[{"host":"open.xf-yun.com","sip":[{"svc":"asr","ips":[{"ip":"117.121.21.146","port":80,"idc":"ch"}],"ttl":6000,"compel":0}]}]}  
[2017/12/16 21:50:01 400] ns         256  name server http resp  table(d4067300) 0  udata(d40520a8) 
[2017/12/16 21:50:01 400] ns         269  ns response OK for this time!  
[2017/12/16 21:50:01 400] ns         280  from_server=  iflytek/hdns  
[2017/12/16 21:50:01 401] ns         363  compel :  0  
[2017/12/16 21:50:01 401] ns         374  tick()=  44830732  
[2017/12/16 21:50:01 401] ns         378  tick()mod=  44830732  
[2017/12/16 21:50:01 401] ns         379  ns_host=  open.xf-yun.com  
[2017/12/16 21:50:01 401] ns         392  ns_host=  open.xf-yun.com  
[2017/12/16 21:50:01 401] transport  1057 ns_ip =   117.121.56.3  
[2017/12/16 21:50:01 401] transport  1058 ip_type =  assigned_asropen.xf-yun.com_host  
[2017/12/16 21:50:01 401] ns         658  no data in ns_q  
[2017/12/16 21:50:01 401] ns         659  conti_ns,ns_inprog =   1  
[2017/12/16 21:50:01 401] transport  518  [soc] [1] readable  
[2017/12/16 21:50:01 401] transport  1706 HTTP/1.1 200 OK
Content-Type: text/plain
Content-Length: 195
X-Req-Date: 2017/12/16 21:50:01 212
Cache-Control: no-cache
CL: 195
X-Res-Date: 2017/12/16 21:50:01 215

ver=MSSP+0%2E9&ret=0&cver=5%2E0%2E34%2E1166&eid=c147d826e706cc54a49317fcfe48b957&key=0f82ORRLE3rFd9O2TbFu986oIotDZil3ZBmGaWey9CD5E^HBywnTxKrVTu2mCj2JmGpWIMvlpGfrRMuE^Lqv42qxmhs5T9hkChTLhPi6r^Nqs=  
[2017/12/16 21:50:01 401] transport  1452 a_complete_httpmessage  200  
[2017/12/16 21:50:01 401] transport  1562 is_update  true  
[2017/12/16 21:50:01 401] legacyuup  70   [trans] [id = uuplegacyuup_2ac0fa6] readable  
[2017/12/16 21:50:01 402] network    88   ipfromenv ,  ipcache  open.xf-yun.com  def  117.121.21.149  
[2017/12/16 21:50:01 402] transport  982  cached ip is confirmed  
[2017/12/16 21:50:01 402] transport  1310 [soc] disconnect   
[2017/12/16 21:50:01 402] legacyuup  80   uup ok!  
